<?xml version="1.0" encoding="UTF-8"?>
<!-- Generated by org.testng.reporters.JUnitXMLReporter -->
<testsuite hostname="PSL-5CD15210C0" failures="1" tests="4" name="Skye Regression Tests" time="67.697" errors="0" timestamp="24 Nov 2022 10:14:48 GMT">
  <testcase classname="com.ISCO.testcases.CommonTC" name="UserTC001" time="17.048">
    <failure type="java.lang.AssertionError" message="Expected : jude3.kumar@mailinator.com. / Actual : jude3.kumar@mailinator.com (Inactive) expected [jude3.kumar@mailinator.com] but found [jude3.kumar@mailinator.com (Inactive)]">
      <![CDATA[java.lang.AssertionError: Expected : jude3.kumar@mailinator.com. / Actual : jude3.kumar@mailinator.com (Inactive) expected [jude3.kumar@mailinator.com] but found [jude3.kumar@mailinator.com (Inactive)]
	at com.ISCO.utilities.commonFunctions.verifyDefaultValue(commonFunctions.java:303)
	at com.ISCO.pages.CommonPage.User001(CommonPage.java:244)
	at com.ISCO.testcases.CommonTC.UserTC001(CommonTC.java:65)
... Removed 28 stack frames]]>
    </failure>
  </testcase> <!-- UserTC001 -->
  <testcase classname="com.ISCO.testcases.CommonTC" name="UserTC002" time="5.096"/>
  <testcase classname="com.ISCO.testcases.CommonTC" name="UserTC005" time="16.93"/>
  <testcase classname="com.ISCO.testcases.CommonTC" name="UserTC006" time="16.853"/>
</testsuite> <!-- Skye Regression Tests -->
