<?xml version="1.0" encoding="UTF-8"?>
<!-- Generated by org.testng.reporters.JUnitXMLReporter -->
<testsuite hostname="PSL-5CD15210C0" failures="0" tests="8" name="Default test" time="0.027" errors="0" timestamp="20 Oct 2022 07:26:12 GMT">
  <testcase classname="com.skye.testcases.AccountsTC" name="@BeforeSuite Setup" time="0.0">
    <failure type="org.testng.TestNGException" message="
Parameter &amp;apos;browser&amp;apos; is required by @Configuration on method Setup but has not been marked @Optional or defined
in C:\Users\shashank_saraswat1\AppData\Local\Temp\testng-eclipse--630788305\testng-customsuite.xml">
      <![CDATA[org.testng.TestNGException: 
Parameter 'browser' is required by @Configuration on method Setup but has not been marked @Optional or defined
in C:\Users\shashank_saraswat1\AppData\Local\Temp\testng-eclipse--630788305\testng-customsuite.xml
	at org.testng.internal.Parameters.createParameters(Parameters.java:155)
	at org.testng.internal.Parameters.createParameters(Parameters.java:355)
	at org.testng.internal.Parameters.createConfigurationParameters(Parameters.java:86)
	at org.testng.internal.Invoker.invokeConfigurations(Invoker.java:199)
	at org.testng.internal.Invoker.invokeConfigurations(Invoker.java:138)
	at org.testng.SuiteRunner.privateRun(SuiteRunner.java:277)
	at org.testng.SuiteRunner.run(SuiteRunner.java:240)
	at org.testng.SuiteRunnerWorker.runSuite(SuiteRunnerWorker.java:52)
	at org.testng.SuiteRunnerWorker.run(SuiteRunnerWorker.java:86)
	at org.testng.TestNG.runSuitesSequentially(TestNG.java:1198)
	at org.testng.TestNG.runSuitesLocally(TestNG.java:1123)
	at org.testng.TestNG.run(TestNG.java:1031)
	at org.testng.remote.AbstractRemoteTestNG.run(AbstractRemoteTestNG.java:115)
	at org.testng.remote.RemoteTestNG.initAndRun(RemoteTestNG.java:251)
	at org.testng.remote.RemoteTestNG.main(RemoteTestNG.java:77)
]]>
    </failure>
  </testcase> <!-- @BeforeSuite Setup -->
  <testcase classname="com.skye.testcases.AccountsTC" name="@BeforeClass loadPageElements" time="0.0">
    <skipped/>
  </testcase> <!-- @BeforeClass loadPageElements -->
  <testcase classname="com.skye.testcases.AccountsTC" name="@BeforeMethod navigateGATab" time="0.0">
    <skipped/>
  </testcase> <!-- @BeforeMethod navigateGATab -->
  <testcase classname="com.skye.testcases.AccountsTC" name="@AfterMethod navigateToRegZone" time="0.0">
    <skipped/>
  </testcase> <!-- @AfterMethod navigateToRegZone -->
  <testcase classname="com.skye.testcases.AccountsTC" name="@BeforeMethod navigateGATab" time="0.0">
    <skipped/>
  </testcase> <!-- @BeforeMethod navigateGATab -->
  <testcase classname="com.skye.testcases.AccountsTC" name="@AfterMethod navigateToRegZone" time="0.0">
    <skipped/>
  </testcase> <!-- @AfterMethod navigateToRegZone -->
  <testcase classname="com.skye.testcases.AccountsTC" name="@BeforeMethod navigateGATab" time="0.0">
    <skipped/>
  </testcase> <!-- @BeforeMethod navigateGATab -->
  <testcase classname="com.skye.testcases.AccountsTC" name="@AfterMethod navigateToRegZone" time="0.0">
    <skipped/>
  </testcase> <!-- @AfterMethod navigateToRegZone -->
  <testcase classname="com.skye.testcases.AccountsTC" name="@BeforeMethod navigateGATab" time="0.0">
    <skipped/>
  </testcase> <!-- @BeforeMethod navigateGATab -->
  <testcase classname="com.skye.testcases.AccountsTC" name="@AfterMethod navigateToRegZone" time="0.0">
    <skipped/>
  </testcase> <!-- @AfterMethod navigateToRegZone -->
  <testcase classname="com.skye.testcases.AccountsTC" name="@BeforeMethod navigateGATab" time="0.0">
    <skipped/>
  </testcase> <!-- @BeforeMethod navigateGATab -->
  <testcase classname="com.skye.testcases.AccountsTC" name="@AfterMethod navigateToRegZone" time="0.0">
    <skipped/>
  </testcase> <!-- @AfterMethod navigateToRegZone -->
  <testcase classname="com.skye.testcases.AccountsTC" name="@BeforeMethod navigateGATab" time="0.0">
    <skipped/>
  </testcase> <!-- @BeforeMethod navigateGATab -->
  <testcase classname="com.skye.testcases.AccountsTC" name="@AfterMethod navigateToRegZone" time="0.0">
    <skipped/>
  </testcase> <!-- @AfterMethod navigateToRegZone -->
  <testcase classname="com.skye.testcases.AccountsTC" name="@BeforeMethod navigateGATab" time="0.0">
    <skipped/>
  </testcase> <!-- @BeforeMethod navigateGATab -->
  <testcase classname="com.skye.testcases.AccountsTC" name="@AfterMethod navigateToRegZone" time="0.0">
    <skipped/>
  </testcase> <!-- @AfterMethod navigateToRegZone -->
  <testcase classname="com.skye.testcases.AccountsTC" name="@BeforeMethod navigateGATab" time="0.0">
    <skipped/>
  </testcase> <!-- @BeforeMethod navigateGATab -->
  <testcase classname="com.skye.testcases.AccountsTC" name="@AfterMethod navigateToRegZone" time="0.0">
    <skipped/>
  </testcase> <!-- @AfterMethod navigateToRegZone -->
  <testcase classname="com.skye.testcases.AccountsTC" name="AccountTC010" time="0.002">
    <skipped/>
  </testcase> <!-- AccountTC010 -->
  <testcase classname="com.skye.testcases.AccountsTC" name="AccountTC011" time="0.001">
    <skipped/>
  </testcase> <!-- AccountTC011 -->
  <testcase classname="com.skye.testcases.AccountsTC" name="AccountTC012" time="0.001">
    <skipped/>
  </testcase> <!-- AccountTC012 -->
  <testcase classname="com.skye.testcases.AccountsTC" name="AccountTC013" time="0.0">
    <skipped/>
  </testcase> <!-- AccountTC013 -->
  <testcase classname="com.skye.testcases.AccountsTC" name="AccountTC014" time="0.001">
    <skipped/>
  </testcase> <!-- AccountTC014 -->
  <testcase classname="com.skye.testcases.AccountsTC" name="AccountTC015" time="0.001">
    <skipped/>
  </testcase> <!-- AccountTC015 -->
  <testcase classname="com.skye.testcases.AccountsTC" name="AccountTC016" time="0.001">
    <skipped/>
  </testcase> <!-- AccountTC016 -->
  <testcase classname="com.skye.testcases.AccountsTC" name="AccountTC017" time="0.001">
    <skipped/>
  </testcase> <!-- AccountTC017 -->
</testsuite> <!-- Default test -->
