<?xml version="1.0" encoding="UTF-8"?>
<!-- Generated by org.testng.reporters.JUnitReportReporter -->
<testsuite hostname="PSL-5CD15210C0" failures="0" tests="4" name="com.ISCO.testcases.CommonTC" time="56.313" errors="1" timestamp="24 Nov 2022 10:14:50 GMT">
  <testcase classname="com.ISCO.testcases.CommonTC" name="UserTC006" time="16.956"/>
  <testcase classname="com.ISCO.testcases.CommonTC" name="UserTC002" time="5.188"/>
  <testcase classname="com.ISCO.testcases.CommonTC" name="UserTC005" time="17.012"/>
  <testcase classname="com.ISCO.testcases.CommonTC" name="UserTC001" time="17.157">
    <error message="Expected : jude3.kumar@mailinator.com. / Actual : jude3.kumar@mailinator.com (Inactive) expected [jude3.kumar@mailinator.com] but found [jude3.kumar@mailinator.com (Inactive)]" type="java.lang.AssertionError">
      <![CDATA[java.lang.AssertionError: Expected : jude3.kumar@mailinator.com. / Actual : jude3.kumar@mailinator.com (Inactive) expected [jude3.kumar@mailinator.com] but found [jude3.kumar@mailinator.com (Inactive)]
	at org.testng.Assert.fail(Assert.java:94)
	at org.testng.Assert.failNotEquals(Assert.java:494)
	at org.testng.Assert.assertEquals(Assert.java:123)
	at org.testng.Assert.assertEquals(Assert.java:176)
	at com.ISCO.utilities.commonFunctions.verifyDefaultValue(commonFunctions.java:303)
	at com.ISCO.pages.CommonPage.User001(CommonPage.java:244)
	at com.ISCO.testcases.CommonTC.UserTC001(CommonTC.java:65)
	at java.base/jdk.internal.reflect.NativeMethodAccessorImpl.invoke0(Native Method)
	at java.base/jdk.internal.reflect.NativeMethodAccessorImpl.invoke(NativeMethodAccessorImpl.java:77)
	at java.base/jdk.internal.reflect.DelegatingMethodAccessorImpl.invoke(DelegatingMethodAccessorImpl.java:43)
	at java.base/java.lang.reflect.Method.invoke(Method.java:568)
	at org.testng.internal.MethodInvocationHelper.invokeMethod(MethodInvocationHelper.java:80)
	at org.testng.internal.Invoker.invokeMethod(Invoker.java:714)
	at org.testng.internal.Invoker.invokeTestMethod(Invoker.java:901)
	at org.testng.internal.Invoker.invokeTestMethods(Invoker.java:1231)
	at org.testng.internal.TestMethodWorker.invokeTestMethods(TestMethodWorker.java:127)
	at org.testng.internal.TestMethodWorker.run(TestMethodWorker.java:111)
	at org.testng.TestRunner.privateRun(TestRunner.java:767)
	at org.testng.TestRunner.run(TestRunner.java:617)
	at org.testng.SuiteRunner.runTest(SuiteRunner.java:334)
	at org.testng.SuiteRunner.runSequentially(SuiteRunner.java:329)
	at org.testng.SuiteRunner.privateRun(SuiteRunner.java:291)
	at org.testng.SuiteRunner.run(SuiteRunner.java:240)
	at org.testng.SuiteRunnerWorker.runSuite(SuiteRunnerWorker.java:52)
	at org.testng.SuiteRunnerWorker.run(SuiteRunnerWorker.java:86)
	at org.testng.TestNG.runSuitesSequentially(TestNG.java:1198)
	at org.testng.TestNG.runSuitesLocally(TestNG.java:1123)
	at org.testng.TestNG.run(TestNG.java:1031)
	at org.testng.remote.AbstractRemoteTestNG.run(AbstractRemoteTestNG.java:115)
	at org.testng.remote.RemoteTestNG.initAndRun(RemoteTestNG.java:251)
	at org.testng.remote.RemoteTestNG.main(RemoteTestNG.java:77)
]]>
    </error>
  </testcase> <!-- UserTC001 -->
</testsuite> <!-- com.ISCO.testcases.CommonTC -->
